<?xml version="1.0" encoding="UTF-8"?>
<testsuite xmlns:xsi="http://www.w3.org/2001/XMLSchema-instance" xsi:noNamespaceSchemaLocation="https://maven.apache.org/surefire/maven-surefire-plugin/xsd/surefire-test-report-3.0.xsd" version="3.0" name="com.example.producerconsumer.ProducerConsumerIntegrationTest" time="5.068" tests="3" errors="0" skipped="0" failures="0">
  <properties>
[...]
</properties>
  <testcase name="testGracefulShutdown" classname="com.example.producerconsumer.ProducerConsumerIntegrationTest" time="0.436">
    <system-out><![CDATA[Produced: Item{id=1, payload='Data-1'}
Consumed: Item{id=1, payload='Data-1'}
Produced: Item{id=2, payload='Data-2'}
Produced: Item{id=3, payload='Data-3'}
Produced: Item{id=4, payload='Data-4'}
Consumed: Item{id=2, payload='Data-2'}
Produced: Item{id=5, payload='Data-5'}
Producer finished.
Consumed: Item{id=3, payload='Data-3'}
Consumed: Item{id=4, payload='Data-4'}
Consumed: Item{id=5, payload='Data-5'}
Consumer received stop signal.
]]></system-out>
  </testcase>
  <testcase name="testConsumerStartsFirst" classname="com.example.producerconsumer.ProducerConsumerIntegrationTest" time="0.59">
    <system-out><![CDATA[Produced: Item{id=1, payload='Data-1'}
Produced: Item{id=2, payload='Data-2'}
Consumed: Item{id=1, payload='Data-1'}
Consumed: Item{id=2, payload='Data-2'}
Produced: Item{id=3, payload='Data-3'}
Consumed: Item{id=3, payload='Data-3'}
Produced: Item{id=4, payload='Data-4'}
Produced: Item{id=5, payload='Data-5'}
Producer finished.
Consumed: Item{id=4, payload='Data-4'}
Consumed: Item{id=5, payload='Data-5'}
Consumer received stop signal.
]]></system-out>
  </testcase>
  <testcase name="testDeadlockSafety" classname="com.example.producerconsumer.ProducerConsumerIntegrationTest" time="4.037">
    <system-out><![CDATA[Produced: Item{id=1, payload='Data-1'}
Produced: Item{id=2, payload='Data-2'}
Produced: Item{id=3, payload='Data-3'}
Consumed: Item{id=1, payload='Data-1'}
Produced: Item{id=4, payload='Data-4'}
Consumed: Item{id=2, payload='Data-2'}
Produced: Item{id=5, payload='Data-5'}
Consumed: Item{id=3, payload='Data-3'}
Produced: Item{id=6, payload='Data-6'}
Consumed: Item{id=4, payload='Data-4'}
Produced: Item{id=7, payload='Data-7'}
Consumed: Item{id=5, payload='Data-5'}
Consumed: Item{id=6, payload='Data-6'}
Produced: Item{id=8, payload='Data-8'}
Produced: Item{id=9, payload='Data-9'}
Consumed: Item{id=7, payload='Data-7'}
Produced: Item{id=10, payload='Data-10'}
Consumed: Item{id=8, payload='Data-8'}
Produced: Item{id=11, payload='Data-11'}
Consumed: Item{id=9, payload='Data-9'}
Produced: Item{id=12, payload='Data-12'}
Consumed: Item{id=10, payload='Data-10'}
Produced: Item{id=13, payload='Data-13'}
Consumed: Item{id=11, payload='Data-11'}
Consumed: Item{id=12, payload='Data-12'}
Produced: Item{id=14, payload='Data-14'}
Consumed: Item{id=13, payload='Data-13'}
Produced: Item{id=15, payload='Data-15'}
Produced: Item{id=16, payload='Data-16'}
Consumed: Item{id=14, payload='Data-14'}
Produced: Item{id=17, payload='Data-17'}
Consumed: Item{id=15, payload='Data-15'}
Produced: Item{id=18, payload='Data-18'}
Consumed: Item{id=16, payload='Data-16'}
Produced: Item{id=19, payload='Data-19'}
Consumed: Item{id=17, payload='Data-17'}
Produced: Item{id=20, payload='Data-20'}
Consumed: Item{id=18, payload='Data-18'}
Produced: Item{id=21, payload='Data-21'}
Consumed: Item{id=19, payload='Data-19'}
Produced: Item{id=22, payload='Data-22'}
Consumed: Item{id=20, payload='Data-20'}
Produced: Item{id=23, payload='Data-23'}
Consumed: Item{id=21, payload='Data-21'}
Consumed: Item{id=22, payload='Data-22'}
Produced: Item{id=24, payload='Data-24'}
Produced: Item{id=25, payload='Data-25'}
Consumed: Item{id=23, payload='Data-23'}
Produced: Item{id=26, payload='Data-26'}
Consumed: Item{id=24, payload='Data-24'}
Produced: Item{id=27, payload='Data-27'}
Consumed: Item{id=25, payload='Data-25'}
Produced: Item{id=28, payload='Data-28'}
Consumed: Item{id=26, payload='Data-26'}
Produced: Item{id=29, payload='Data-29'}
Consumed: Item{id=27, payload='Data-27'}
Produced: Item{id=30, payload='Data-30'}
Consumed: Item{id=28, payload='Data-28'}
Produced: Item{id=31, payload='Data-31'}
Consumed: Item{id=29, payload='Data-29'}
Produced: Item{id=32, payload='Data-32'}
Consumed: Item{id=30, payload='Data-30'}
Produced: Item{id=33, payload='Data-33'}
Consumed: Item{id=31, payload='Data-31'}
Produced: Item{id=34, payload='Data-34'}
Consumed: Item{id=32, payload='Data-32'}
Produced: Item{id=35, payload='Data-35'}
Consumed: Item{id=33, payload='Data-33'}
Produced: Item{id=36, payload='Data-36'}
Consumed: Item{id=34, payload='Data-34'}
Produced: Item{id=37, payload='Data-37'}
Consumed: Item{id=35, payload='Data-35'}
Produced: Item{id=38, payload='Data-38'}
Consumed: Item{id=36, payload='Data-36'}
Consumed: Item{id=37, payload='Data-37'}
Produced: Item{id=39, payload='Data-39'}
Consumed: Item{id=38, payload='Data-38'}
Consumed: Item{id=39, payload='Data-39'}
Produced: Item{id=40, payload='Data-40'}
Produced: Item{id=41, payload='Data-41'}
Produced: Item{id=42, payload='Data-42'}
Consumed: Item{id=40, payload='Data-40'}
Produced: Item{id=43, payload='Data-43'}
Consumed: Item{id=41, payload='Data-41'}
Produced: Item{id=44, payload='Data-44'}
Consumed: Item{id=42, payload='Data-42'}
Produced: Item{id=45, payload='Data-45'}
Consumed: Item{id=43, payload='Data-43'}
Produced: Item{id=46, payload='Data-46'}
Consumed: Item{id=44, payload='Data-44'}
Produced: Item{id=47, payload='Data-47'}
Consumed: Item{id=45, payload='Data-45'}
Produced: Item{id=48, payload='Data-48'}
Consumed: Item{id=46, payload='Data-46'}
Produced: Item{id=49, payload='Data-49'}
Consumed: Item{id=47, payload='Data-47'}
Consumed: Item{id=48, payload='Data-48'}
Consumed: Item{id=49, payload='Data-49'}
Produced: Item{id=50, payload='Data-50'}
Producer finished.
Consumed: Item{id=50, payload='Data-50'}
Consumer received stop signal.
]]></system-out>
  </testcase>
</testsuite>