<?xml version="1.0" encoding="UTF-8"?>
<testsuite xmlns:xsi="http://www.w3.org/2001/XMLSchema-instance" xsi:noNamespaceSchemaLocation="https://maven.apache.org/surefire/maven-surefire-plugin/xsd/surefire-test-report-3.0.xsd" version="3.0" name="com.example.producerconsumer.ProducerConsumerRefinedIntegrationTest" time="4.131" tests="1" errors="0" skipped="0" failures="0">
  <properties>
[...]
</properties>
  <testcase name="testFullFlowNoLoss" classname="com.example.producerconsumer.ProducerConsumerRefinedIntegrationTest" time="4.128">
    <system-out><![CDATA[Produced: Item{id=0, payload='Load-0'}
Produced: Item{id=1, payload='Load-1'}
Produced: Item{id=2, payload='Load-2'}
Consumed: Item{id=0, payload='Load-0'}
Consumed: Item{id=1, payload='Load-1'}
Produced: Item{id=3, payload='Load-3'}
Consumed: Item{id=2, payload='Load-2'}
Produced: Item{id=4, payload='Load-4'}
Produced: Item{id=5, payload='Load-5'}
Produced: Item{id=6, payload='Load-6'}
Consumed: Item{id=3, payload='Load-3'}
Produced: Item{id=7, payload='Load-7'}
Produced: Item{id=8, payload='Load-8'}
Produced: Item{id=9, payload='Load-9'}
Consumed: Item{id=4, payload='Load-4'}
Produced: Item{id=10, payload='Load-10'}
Produced: Item{id=11, payload='Load-11'}
Produced: Item{id=12, payload='Load-12'}
Consumed: Item{id=5, payload='Load-5'}
Produced: Item{id=13, payload='Load-13'}
Produced: Item{id=14, payload='Load-14'}
Consumed: Item{id=6, payload='Load-6'}
Consumed: Item{id=7, payload='Load-7'}
Produced: Item{id=15, payload='Load-15'}
Consumed: Item{id=8, payload='Load-8'}
Produced: Item{id=16, payload='Load-16'}
Produced: Item{id=17, payload='Load-17'}
Consumed: Item{id=9, payload='Load-9'}
Produced: Item{id=18, payload='Load-18'}
Produced: Item{id=19, payload='Load-19'}
Produced: Item{id=20, payload='Load-20'}
Consumed: Item{id=10, payload='Load-10'}
Produced: Item{id=21, payload='Load-21'}
Consumed: Item{id=11, payload='Load-11'}
Produced: Item{id=22, payload='Load-22'}
Consumed: Item{id=12, payload='Load-12'}
Produced: Item{id=23, payload='Load-23'}
Consumed: Item{id=13, payload='Load-13'}
Produced: Item{id=24, payload='Load-24'}
Consumed: Item{id=14, payload='Load-14'}
Produced: Item{id=25, payload='Load-25'}
Consumed: Item{id=15, payload='Load-15'}
Produced: Item{id=26, payload='Load-26'}
Consumed: Item{id=16, payload='Load-16'}
Produced: Item{id=27, payload='Load-27'}
Consumed: Item{id=17, payload='Load-17'}
Produced: Item{id=28, payload='Load-28'}
Consumed: Item{id=18, payload='Load-18'}
Produced: Item{id=29, payload='Load-29'}
Consumed: Item{id=19, payload='Load-19'}
Produced: Item{id=30, payload='Load-30'}
Consumed: Item{id=20, payload='Load-20'}
Produced: Item{id=31, payload='Load-31'}
Consumed: Item{id=21, payload='Load-21'}
Produced: Item{id=32, payload='Load-32'}
Consumed: Item{id=22, payload='Load-22'}
Produced: Item{id=33, payload='Load-33'}
Consumed: Item{id=23, payload='Load-23'}
Produced: Item{id=34, payload='Load-34'}
Consumed: Item{id=24, payload='Load-24'}
Produced: Item{id=35, payload='Load-35'}
Consumed: Item{id=25, payload='Load-25'}
Produced: Item{id=36, payload='Load-36'}
Consumed: Item{id=26, payload='Load-26'}
Produced: Item{id=37, payload='Load-37'}
Consumed: Item{id=27, payload='Load-27'}
Consumed: Item{id=28, payload='Load-28'}
Produced: Item{id=38, payload='Load-38'}
Produced: Item{id=39, payload='Load-39'}
Consumed: Item{id=29, payload='Load-29'}
Produced: Item{id=40, payload='Load-40'}
Consumed: Item{id=30, payload='Load-30'}
Produced: Item{id=41, payload='Load-41'}
Consumed: Item{id=31, payload='Load-31'}
Produced: Item{id=42, payload='Load-42'}
Consumed: Item{id=32, payload='Load-32'}
Produced: Item{id=43, payload='Load-43'}
Consumed: Item{id=33, payload='Load-33'}
Produced: Item{id=44, payload='Load-44'}
Consumed: Item{id=34, payload='Load-34'}
Produced: Item{id=45, payload='Load-45'}
Consumed: Item{id=35, payload='Load-35'}
Produced: Item{id=46, payload='Load-46'}
Consumed: Item{id=36, payload='Load-36'}
Produced: Item{id=47, payload='Load-47'}
Consumed: Item{id=37, payload='Load-37'}
Produced: Item{id=48, payload='Load-48'}
Consumed: Item{id=38, payload='Load-38'}
Consumed: Item{id=39, payload='Load-39'}
Produced: Item{id=49, payload='Load-49'}
Producer finished.
Consumed: Item{id=40, payload='Load-40'}
Consumed: Item{id=41, payload='Load-41'}
Consumed: Item{id=42, payload='Load-42'}
Consumed: Item{id=43, payload='Load-43'}
Consumed: Item{id=44, payload='Load-44'}
Consumed: Item{id=45, payload='Load-45'}
Consumed: Item{id=46, payload='Load-46'}
Consumed: Item{id=47, payload='Load-47'}
Consumed: Item{id=48, payload='Load-48'}
Consumed: Item{id=49, payload='Load-49'}
Consumer received stop signal.
]]></system-out>
  </testcase>
</testsuite>